<?xml version="1.0" encoding="UTF-8" ?>
<testsuite tests="5" failures="0" name="TestSuite" time="665.8" errors="0" skipped="0">
  <properties>
    <property name="java.runtime.name" value="Java(TM) SE Runtime Environment"/>
    <property name="sun.boot.library.path" value="/Library/Java/JavaVirtualMachines/jdk1.8.0_121.jdk/Contents/Home/jre/lib"/>
    <property name="java.vm.version" value="25.121-b13"/>
    <property name="gopherProxySet" value="false"/>
    <property name="java.vm.vendor" value="Oracle Corporation"/>
    <property name="java.vendor.url" value="http://java.oracle.com/"/>
    <property name="path.separator" value=":"/>
    <property name="java.vm.name" value="Java HotSpot(TM) 64-Bit Server VM"/>
    <property name="file.encoding.pkg" value="sun.io"/>
    <property name="user.country" value="CN"/>
    <property name="sun.java.launcher" value="SUN_STANDARD"/>
    <property name="sun.os.patch.level" value="unknown"/>
    <property name="java.vm.specification.name" value="Java Virtual Machine Specification"/>
    <property name="user.dir" value="/Users/mff/Desktop/workspace/AiXuePaiForIOS"/>
    <property name="java.runtime.version" value="1.8.0_121-b13"/>
    <property name="java.awt.graphicsenv" value="sun.awt.CGraphicsEnvironment"/>
    <property name="basedir" value="/Users/mff/Desktop/workspace/AiXuePaiForIOS"/>
    <property name="java.endorsed.dirs" value="/Library/Java/JavaVirtualMachines/jdk1.8.0_121.jdk/Contents/Home/jre/lib/endorsed"/>
    <property name="os.arch" value="x86_64"/>
    <property name="surefire.real.class.path" value="/Users/mff/Desktop/workspace/AiXuePaiForIOS/target/surefire/surefirebooter3437200093766548393.jar"/>
    <property name="java.io.tmpdir" value="/var/folders/3t/b8j5lyr55zn2ysnwxq7nkwv00000gp/T/"/>
    <property name="line.separator" value="
"/>
    <property name="java.vm.specification.vendor" value="Oracle Corporation"/>
    <property name="os.name" value="Mac OS X"/>
    <property name="sun.jnu.encoding" value="UTF-8"/>
    <property name="java.library.path" value="/Users/mff/Library/Java/Extensions:/Library/Java/Extensions:/Network/Library/Java/Extensions:/System/Library/Java/Extensions:/usr/lib/java:."/>
    <property name="surefire.test.class.path" value="/Users/mff/Desktop/workspace/AiXuePaiForIOS/target/test-classes:/Users/mff/Desktop/workspace/AiXuePaiForIOS/target/classes:/Users/mff/.m2/junit/junit/4.11/junit-4.11.jar:/Users/mff/.m2/org/hamcrest/hamcrest-core/1.3/hamcrest-core-1.3.jar:/Users/mff/.m2/org/testng/testng/6.9.9/testng-6.9.9.jar:/Users/mff/.m2/com/beust/jcommander/1.48/jcommander-1.48.jar:/Users/mff/.m2/org/apache/ant/ant/1.7.0/ant-1.7.0.jar:/Users/mff/.m2/org/apache/ant/ant-launcher/1.7.0/ant-launcher-1.7.0.jar:/Users/mff/.m2/org/yaml/snakeyaml/1.15/snakeyaml-1.15.jar:/Users/mff/.m2/org/beanshell/bsh/2.0b4/bsh-2.0b4.jar:/Users/mff/.m2/qdox/qdox/1.5/qdox-1.5.jar:/Users/mff/.m2/bsh/bsh/2.0b1/bsh-2.0b1.jar:/Users/mff/.m2/concurrent/concurrent/1.3.4/concurrent-1.3.4.jar:/Users/mff/.m2/org/seleniumhq/selenium/selenium-java/3.4.0/selenium-java-3.4.0.jar:/Users/mff/.m2/org/seleniumhq/selenium/selenium-api/3.4.0/selenium-api-3.4.0.jar:/Users/mff/.m2/org/seleniumhq/selenium/selenium-chrome-driver/3.4.0/selenium-chrome-driver-3.4.0.jar:/Users/mff/.m2/org/seleniumhq/selenium/selenium-edge-driver/3.4.0/selenium-edge-driver-3.4.0.jar:/Users/mff/.m2/org/seleniumhq/selenium/selenium-firefox-driver/3.4.0/selenium-firefox-driver-3.4.0.jar:/Users/mff/.m2/org/seleniumhq/selenium/selenium-ie-driver/3.4.0/selenium-ie-driver-3.4.0.jar:/Users/mff/.m2/org/seleniumhq/selenium/selenium-opera-driver/3.4.0/selenium-opera-driver-3.4.0.jar:/Users/mff/.m2/org/seleniumhq/selenium/selenium-remote-driver/3.4.0/selenium-remote-driver-3.4.0.jar:/Users/mff/.m2/org/seleniumhq/selenium/selenium-safari-driver/3.4.0/selenium-safari-driver-3.4.0.jar:/Users/mff/.m2/org/seleniumhq/selenium/selenium-support/3.4.0/selenium-support-3.4.0.jar:/Users/mff/.m2/cglib/cglib-nodep/3.2.4/cglib-nodep-3.2.4.jar:/Users/mff/.m2/org/apache/commons/commons-exec/1.3/commons-exec-1.3.jar:/Users/mff/.m2/org/apache/commons/commons-lang3/3.5/commons-lang3-3.5.jar:/Users/mff/.m2/commons-codec/commons-codec/1.10/commons-codec-1.10.jar:/Users/mff/.m2/commons-io/commons-io/2.5/commons-io-2.5.jar:/Users/mff/.m2/commons-logging/commons-logging/1.2/commons-logging-1.2.jar:/Users/mff/.m2/org/w3c/css/sac/1.3/sac-1.3.jar:/Users/mff/.m2/net/sourceforge/cssparser/cssparser/0.9.22/cssparser-0.9.22.jar:/Users/mff/.m2/com/google/guava/guava/21.0/guava-21.0.jar:/Users/mff/.m2/net/sourceforge/htmlunit/htmlunit/2.26/htmlunit-2.26.jar:/Users/mff/.m2/net/sourceforge/htmlunit/htmlunit-core-js/2.26/htmlunit-core-js-2.26.jar:/Users/mff/.m2/net/sourceforge/htmlunit/neko-htmlunit/2.25/neko-htmlunit-2.25.jar:/Users/mff/.m2/org/apache/httpcomponents/httpclient/4.5.3/httpclient-4.5.3.jar:/Users/mff/.m2/org/apache/httpcomponents/httpcore/4.4.6/httpcore-4.4.6.jar:/Users/mff/.m2/org/apache/httpcomponents/httpmime/4.5.3/httpmime-4.5.3.jar:/Users/mff/.m2/org/eclipse/jetty/jetty-io/9.4.1.v20170120/jetty-io-9.4.1.v20170120.jar:/Users/mff/.m2/org/eclipse/jetty/jetty-util/9.4.1.v20170120/jetty-util-9.4.1.v20170120.jar:/Users/mff/.m2/net/java/dev/jna/jna/4.1.0/jna-4.1.0.jar:/Users/mff/.m2/net/java/dev/jna/jna-platform/4.1.0/jna-platform-4.1.0.jar:/Users/mff/.m2/com/codeborne/phantomjsdriver/1.4.0/phantomjsdriver-1.4.0.jar:/Users/mff/.m2/org/seleniumhq/selenium/htmlunit-driver/2.26/htmlunit-driver-2.26.jar:/Users/mff/.m2/javax/servlet/javax.servlet-api/3.1.0/javax.servlet-api-3.1.0.jar:/Users/mff/.m2/org/eclipse/jetty/websocket/websocket-api/9.4.3.v20170317/websocket-api-9.4.3.v20170317.jar:/Users/mff/.m2/org/eclipse/jetty/websocket/websocket-client/9.4.3.v20170317/websocket-client-9.4.3.v20170317.jar:/Users/mff/.m2/org/eclipse/jetty/jetty-client/9.4.3.v20170317/jetty-client-9.4.3.v20170317.jar:/Users/mff/.m2/org/eclipse/jetty/jetty-http/9.4.3.v20170317/jetty-http-9.4.3.v20170317.jar:/Users/mff/.m2/org/eclipse/jetty/websocket/websocket-common/9.4.3.v20170317/websocket-common-9.4.3.v20170317.jar:/Users/mff/.m2/xalan/serializer/2.7.2/serializer-2.7.2.jar:/Users/mff/.m2/xalan/xalan/2.7.2/xalan-2.7.2.jar:/Users/mff/.m2/xerces/xercesImpl/2.11.0/xercesImpl-2.11.0.jar:/Users/mff/.m2/xml-apis/xml-apis/1.4.01/xml-apis-1.4.01.jar:/Users/mff/.m2/io/appium/java-client/4.1.2/java-client-4.1.2.jar:/Users/mff/.m2/commons-validator/commons-validator/1.5.1/commons-validator-1.5.1.jar:/Users/mff/.m2/commons-beanutils/commons-beanutils/1.9.2/commons-beanutils-1.9.2.jar:/Users/mff/.m2/commons-digester/commons-digester/1.8.1/commons-digester-1.8.1.jar:/Users/mff/.m2/commons-collections/commons-collections/3.2.2/commons-collections-3.2.2.jar:/Users/mff/.m2/org/springframework/spring-context/4.3.2.RELEASE/spring-context-4.3.2.RELEASE.jar:/Users/mff/.m2/org/springframework/spring-aop/4.3.2.RELEASE/spring-aop-4.3.2.RELEASE.jar:/Users/mff/.m2/org/springframework/spring-beans/4.3.2.RELEASE/spring-beans-4.3.2.RELEASE.jar:/Users/mff/.m2/org/springframework/spring-core/4.3.2.RELEASE/spring-core-4.3.2.RELEASE.jar:/Users/mff/.m2/org/springframework/spring-expression/4.3.2.RELEASE/spring-expression-4.3.2.RELEASE.jar:/Users/mff/.m2/org/aspectj/aspectjweaver/1.8.9/aspectjweaver-1.8.9.jar:/Users/mff/.m2/com/googlecode/json-simple/json-simple/1.1/json-simple-1.1.jar:/Users/mff/.m2/commons-lang/commons-lang/2.6/commons-lang-2.6.jar:/Users/mff/.m2/com/saucelabs/sauce_junit/2.1.23/sauce_junit-2.1.23.jar:/Users/mff/.m2/com/saucelabs/sauce_java_common/2.1.23/sauce_java_common-2.1.23.jar:/Users/mff/.m2/com/saucelabs/saucerest/1.0.32/saucerest-1.0.32.jar:/Users/mff/.m2/org/json/json/20090211/json-20090211.jar:/Users/mff/.m2/org/apache/poi/poi/3.11/poi-3.11.jar:/Users/mff/.m2/org/apache/poi/poi-ooxml/3.12/poi-ooxml-3.12.jar:/Users/mff/.m2/org/apache/poi/poi-ooxml-schemas/3.12/poi-ooxml-schemas-3.12.jar:/Users/mff/.m2/org/apache/xmlbeans/xmlbeans/2.6.0/xmlbeans-2.6.0.jar:/Users/mff/.m2/stax/stax-api/1.0.1/stax-api-1.0.1.jar:/Users/mff/.m2/net/sourceforge/jexcelapi/jxl/2.6.12/jxl-2.6.12.jar:/Users/mff/.m2/log4j/log4j/1.2.14/log4j-1.2.14.jar:/Users/mff/.m2/com/google/code/gson/gson/2.2.4/gson-2.2.4.jar:/Users/mff/.m2/mysql/mysql-connector-java/5.1.42/mysql-connector-java-5.1.42.jar:/Users/mff/.m2/org/apache/logging/log4j/log4j-api/2.6.2/log4j-api-2.6.2.jar:/Users/mff/.m2/org/apache/logging/log4j/log4j-core/2.6.2/log4j-core-2.6.2.jar:"/>
    <property name="java.specification.name" value="Java Platform API Specification"/>
    <property name="java.class.version" value="52.0"/>
    <property name="sun.management.compiler" value="HotSpot 64-Bit Tiered Compilers"/>
    <property name="os.version" value="10.12.3"/>
    <property name="user.home" value="/Users/mff"/>
    <property name="user.timezone" value="Asia/Shanghai"/>
    <property name="java.awt.printerjob" value="sun.lwawt.macosx.CPrinterJob"/>
    <property name="java.specification.version" value="1.8"/>
    <property name="file.encoding" value="UTF-8"/>
    <property name="user.name" value="mff"/>
    <property name="java.class.path" value="/Users/mff/Desktop/workspace/AiXuePaiForIOS/target/test-classes:/Users/mff/Desktop/workspace/AiXuePaiForIOS/target/classes:/Users/mff/.m2/junit/junit/4.11/junit-4.11.jar:/Users/mff/.m2/org/hamcrest/hamcrest-core/1.3/hamcrest-core-1.3.jar:/Users/mff/.m2/org/testng/testng/6.9.9/testng-6.9.9.jar:/Users/mff/.m2/com/beust/jcommander/1.48/jcommander-1.48.jar:/Users/mff/.m2/org/apache/ant/ant/1.7.0/ant-1.7.0.jar:/Users/mff/.m2/org/apache/ant/ant-launcher/1.7.0/ant-launcher-1.7.0.jar:/Users/mff/.m2/org/yaml/snakeyaml/1.15/snakeyaml-1.15.jar:/Users/mff/.m2/org/beanshell/bsh/2.0b4/bsh-2.0b4.jar:/Users/mff/.m2/qdox/qdox/1.5/qdox-1.5.jar:/Users/mff/.m2/bsh/bsh/2.0b1/bsh-2.0b1.jar:/Users/mff/.m2/concurrent/concurrent/1.3.4/concurrent-1.3.4.jar:/Users/mff/.m2/org/seleniumhq/selenium/selenium-java/3.4.0/selenium-java-3.4.0.jar:/Users/mff/.m2/org/seleniumhq/selenium/selenium-api/3.4.0/selenium-api-3.4.0.jar:/Users/mff/.m2/org/seleniumhq/selenium/selenium-chrome-driver/3.4.0/selenium-chrome-driver-3.4.0.jar:/Users/mff/.m2/org/seleniumhq/selenium/selenium-edge-driver/3.4.0/selenium-edge-driver-3.4.0.jar:/Users/mff/.m2/org/seleniumhq/selenium/selenium-firefox-driver/3.4.0/selenium-firefox-driver-3.4.0.jar:/Users/mff/.m2/org/seleniumhq/selenium/selenium-ie-driver/3.4.0/selenium-ie-driver-3.4.0.jar:/Users/mff/.m2/org/seleniumhq/selenium/selenium-opera-driver/3.4.0/selenium-opera-driver-3.4.0.jar:/Users/mff/.m2/org/seleniumhq/selenium/selenium-remote-driver/3.4.0/selenium-remote-driver-3.4.0.jar:/Users/mff/.m2/org/seleniumhq/selenium/selenium-safari-driver/3.4.0/selenium-safari-driver-3.4.0.jar:/Users/mff/.m2/org/seleniumhq/selenium/selenium-support/3.4.0/selenium-support-3.4.0.jar:/Users/mff/.m2/cglib/cglib-nodep/3.2.4/cglib-nodep-3.2.4.jar:/Users/mff/.m2/org/apache/commons/commons-exec/1.3/commons-exec-1.3.jar:/Users/mff/.m2/org/apache/commons/commons-lang3/3.5/commons-lang3-3.5.jar:/Users/mff/.m2/commons-codec/commons-codec/1.10/commons-codec-1.10.jar:/Users/mff/.m2/commons-io/commons-io/2.5/commons-io-2.5.jar:/Users/mff/.m2/commons-logging/commons-logging/1.2/commons-logging-1.2.jar:/Users/mff/.m2/org/w3c/css/sac/1.3/sac-1.3.jar:/Users/mff/.m2/net/sourceforge/cssparser/cssparser/0.9.22/cssparser-0.9.22.jar:/Users/mff/.m2/com/google/guava/guava/21.0/guava-21.0.jar:/Users/mff/.m2/net/sourceforge/htmlunit/htmlunit/2.26/htmlunit-2.26.jar:/Users/mff/.m2/net/sourceforge/htmlunit/htmlunit-core-js/2.26/htmlunit-core-js-2.26.jar:/Users/mff/.m2/net/sourceforge/htmlunit/neko-htmlunit/2.25/neko-htmlunit-2.25.jar:/Users/mff/.m2/org/apache/httpcomponents/httpclient/4.5.3/httpclient-4.5.3.jar:/Users/mff/.m2/org/apache/httpcomponents/httpcore/4.4.6/httpcore-4.4.6.jar:/Users/mff/.m2/org/apache/httpcomponents/httpmime/4.5.3/httpmime-4.5.3.jar:/Users/mff/.m2/org/eclipse/jetty/jetty-io/9.4.1.v20170120/jetty-io-9.4.1.v20170120.jar:/Users/mff/.m2/org/eclipse/jetty/jetty-util/9.4.1.v20170120/jetty-util-9.4.1.v20170120.jar:/Users/mff/.m2/net/java/dev/jna/jna/4.1.0/jna-4.1.0.jar:/Users/mff/.m2/net/java/dev/jna/jna-platform/4.1.0/jna-platform-4.1.0.jar:/Users/mff/.m2/com/codeborne/phantomjsdriver/1.4.0/phantomjsdriver-1.4.0.jar:/Users/mff/.m2/org/seleniumhq/selenium/htmlunit-driver/2.26/htmlunit-driver-2.26.jar:/Users/mff/.m2/javax/servlet/javax.servlet-api/3.1.0/javax.servlet-api-3.1.0.jar:/Users/mff/.m2/org/eclipse/jetty/websocket/websocket-api/9.4.3.v20170317/websocket-api-9.4.3.v20170317.jar:/Users/mff/.m2/org/eclipse/jetty/websocket/websocket-client/9.4.3.v20170317/websocket-client-9.4.3.v20170317.jar:/Users/mff/.m2/org/eclipse/jetty/jetty-client/9.4.3.v20170317/jetty-client-9.4.3.v20170317.jar:/Users/mff/.m2/org/eclipse/jetty/jetty-http/9.4.3.v20170317/jetty-http-9.4.3.v20170317.jar:/Users/mff/.m2/org/eclipse/jetty/websocket/websocket-common/9.4.3.v20170317/websocket-common-9.4.3.v20170317.jar:/Users/mff/.m2/xalan/serializer/2.7.2/serializer-2.7.2.jar:/Users/mff/.m2/xalan/xalan/2.7.2/xalan-2.7.2.jar:/Users/mff/.m2/xerces/xercesImpl/2.11.0/xercesImpl-2.11.0.jar:/Users/mff/.m2/xml-apis/xml-apis/1.4.01/xml-apis-1.4.01.jar:/Users/mff/.m2/io/appium/java-client/4.1.2/java-client-4.1.2.jar:/Users/mff/.m2/commons-validator/commons-validator/1.5.1/commons-validator-1.5.1.jar:/Users/mff/.m2/commons-beanutils/commons-beanutils/1.9.2/commons-beanutils-1.9.2.jar:/Users/mff/.m2/commons-digester/commons-digester/1.8.1/commons-digester-1.8.1.jar:/Users/mff/.m2/commons-collections/commons-collections/3.2.2/commons-collections-3.2.2.jar:/Users/mff/.m2/org/springframework/spring-context/4.3.2.RELEASE/spring-context-4.3.2.RELEASE.jar:/Users/mff/.m2/org/springframework/spring-aop/4.3.2.RELEASE/spring-aop-4.3.2.RELEASE.jar:/Users/mff/.m2/org/springframework/spring-beans/4.3.2.RELEASE/spring-beans-4.3.2.RELEASE.jar:/Users/mff/.m2/org/springframework/spring-core/4.3.2.RELEASE/spring-core-4.3.2.RELEASE.jar:/Users/mff/.m2/org/springframework/spring-expression/4.3.2.RELEASE/spring-expression-4.3.2.RELEASE.jar:/Users/mff/.m2/org/aspectj/aspectjweaver/1.8.9/aspectjweaver-1.8.9.jar:/Users/mff/.m2/com/googlecode/json-simple/json-simple/1.1/json-simple-1.1.jar:/Users/mff/.m2/commons-lang/commons-lang/2.6/commons-lang-2.6.jar:/Users/mff/.m2/com/saucelabs/sauce_junit/2.1.23/sauce_junit-2.1.23.jar:/Users/mff/.m2/com/saucelabs/sauce_java_common/2.1.23/sauce_java_common-2.1.23.jar:/Users/mff/.m2/com/saucelabs/saucerest/1.0.32/saucerest-1.0.32.jar:/Users/mff/.m2/org/json/json/20090211/json-20090211.jar:/Users/mff/.m2/org/apache/poi/poi/3.11/poi-3.11.jar:/Users/mff/.m2/org/apache/poi/poi-ooxml/3.12/poi-ooxml-3.12.jar:/Users/mff/.m2/org/apache/poi/poi-ooxml-schemas/3.12/poi-ooxml-schemas-3.12.jar:/Users/mff/.m2/org/apache/xmlbeans/xmlbeans/2.6.0/xmlbeans-2.6.0.jar:/Users/mff/.m2/stax/stax-api/1.0.1/stax-api-1.0.1.jar:/Users/mff/.m2/net/sourceforge/jexcelapi/jxl/2.6.12/jxl-2.6.12.jar:/Users/mff/.m2/log4j/log4j/1.2.14/log4j-1.2.14.jar:/Users/mff/.m2/com/google/code/gson/gson/2.2.4/gson-2.2.4.jar:/Users/mff/.m2/mysql/mysql-connector-java/5.1.42/mysql-connector-java-5.1.42.jar:/Users/mff/.m2/org/apache/logging/log4j/log4j-api/2.6.2/log4j-api-2.6.2.jar:/Users/mff/.m2/org/apache/logging/log4j/log4j-core/2.6.2/log4j-core-2.6.2.jar:"/>
    <property name="java.vm.specification.version" value="1.8"/>
    <property name="sun.arch.data.model" value="64"/>
    <property name="java.home" value="/Library/Java/JavaVirtualMachines/jdk1.8.0_121.jdk/Contents/Home/jre"/>
    <property name="sun.java.command" value="/Users/mff/Desktop/workspace/AiXuePaiForIOS/target/surefire/surefirebooter3437200093766548393.jar /Users/mff/Desktop/workspace/AiXuePaiForIOS/target/surefire/surefire6007457735222726137tmp /Users/mff/Desktop/workspace/AiXuePaiForIOS/target/surefire/surefire2314456635162377374tmp"/>
    <property name="java.specification.vendor" value="Oracle Corporation"/>
    <property name="user.language" value="zh"/>
    <property name="awt.toolkit" value="sun.lwawt.macosx.LWCToolkit"/>
    <property name="java.vm.info" value="mixed mode"/>
    <property name="java.version" value="1.8.0_121"/>
    <property name="java.ext.dirs" value="/Users/mff/Library/Java/Extensions:/Library/Java/JavaVirtualMachines/jdk1.8.0_121.jdk/Contents/Home/jre/lib/ext:/Library/Java/Extensions:/Network/Library/Java/Extensions:/System/Library/Java/Extensions:/usr/lib/java"/>
    <property name="sun.boot.class.path" value="/Library/Java/JavaVirtualMachines/jdk1.8.0_121.jdk/Contents/Home/jre/lib/resources.jar:/Library/Java/JavaVirtualMachines/jdk1.8.0_121.jdk/Contents/Home/jre/lib/rt.jar:/Library/Java/JavaVirtualMachines/jdk1.8.0_121.jdk/Contents/Home/jre/lib/sunrsasign.jar:/Library/Java/JavaVirtualMachines/jdk1.8.0_121.jdk/Contents/Home/jre/lib/jsse.jar:/Library/Java/JavaVirtualMachines/jdk1.8.0_121.jdk/Contents/Home/jre/lib/jce.jar:/Library/Java/JavaVirtualMachines/jdk1.8.0_121.jdk/Contents/Home/jre/lib/charsets.jar:/Library/Java/JavaVirtualMachines/jdk1.8.0_121.jdk/Contents/Home/jre/lib/jfr.jar:/Library/Java/JavaVirtualMachines/jdk1.8.0_121.jdk/Contents/Home/jre/classes"/>
    <property name="java.vendor" value="Oracle Corporation"/>
    <property name="localRepository" value="/Users/mff/.m2"/>
    <property name="file.separator" value="/"/>
    <property name="java.vendor.url.bug" value="http://bugreport.sun.com/bugreport/"/>
    <property name="sun.cpu.endian" value="little"/>
    <property name="sun.io.unicode.encoding" value="UnicodeBig"/>
    <property name="sun.cpu.isalist" value=""/>
  </properties>
  <testcase classname="iosTest.LoginTest" name="loginSucessTest" time="43.603"/>
  <testcase classname="iosTest.PushClassTest" name="pushClassTest" time="105.483"/>
  <testcase classname="iosTest.SelectClassTest" name="selectClassSucessTest" time="51.569"/>
  <testcase classname="iosTest.FinshPushClassTest" name="pushClassTest" time="151.691"/>
  <testcase classname="iosTest.PushPaperTest" name="pushClassTest" time="85.817"/>
</testsuite>