<?xml version="1.0" encoding="UTF-8"?>
<!-- Generated by org.testng.reporters.JUnitReportReporter -->
<testsuite hostname="MengfeifeideMac-Mini.local" name="iosTest.PushPaperTest" tests="1" failures="0" timestamp="24 Jul 2017 08:01:21 GMT" time="143.615" errors="0">
  <testcase name="pushClassTest" time="143.615" classname="iosTest.PushPaperTest"/>
</testsuite> <!-- iosTest.PushPaperTest -->
