<?xml version="1.0" encoding="UTF-8"?>
<!-- Generated by org.testng.reporters.JUnitReportReporter -->
<testsuite hostname="MengfeifeideMac-Mini.local" name="iosTest.LoginTest" tests="1" failures="0" timestamp="4 Jul 2017 10:16:41 GMT" time="87.960" errors="0">
  <testcase name="loginSucessTest" time="87.960" classname="iosTest.LoginTest"/>
</testsuite> <!-- iosTest.LoginTest -->
