<?xml version="1.0" encoding="UTF-8"?>
<!-- Generated by org.testng.reporters.JUnitReportReporter -->
<testsuite hostname="MengfeifeideMac-Mini.local" name="iosTest.FinshPushClassTest" tests="1" failures="0" timestamp="24 Jul 2017 08:01:21 GMT" time="167.441" errors="0">
  <testcase name="pushClassTest" time="167.441" classname="iosTest.FinshPushClassTest"/>
</testsuite> <!-- iosTest.FinshPushClassTest -->
