<?xml version="1.0" encoding="UTF-8"?>
<!-- Generated by org.testng.reporters.JUnitReportReporter -->
<testsuite hostname="MengfeifeideMac-Mini.local" name="iosTest.SelectClassTest" tests="1" failures="0" timestamp="24 Jul 2017 08:01:21 GMT" time="54.135" errors="0">
  <testcase name="selectClassSucessTest" time="54.135" classname="iosTest.SelectClassTest"/>
</testsuite> <!-- iosTest.SelectClassTest -->
