<?xml version="1.0" encoding="UTF-8"?>
<!-- Generated by org.testng.reporters.JUnitReportReporter -->
<testsuite hostname="MengfeifeideMac-Mini.local" name="iosTest.PushClassTest" tests="1" failures="0" timestamp="24 Jul 2017 08:01:21 GMT" time="146.388" errors="0">
  <testcase name="pushClassTest" time="146.388" classname="iosTest.PushClassTest"/>
</testsuite> <!-- iosTest.PushClassTest -->
