<?xml version="1.0" encoding="UTF-8"?>
<!-- Generated by org.testng.reporters.JUnitReportReporter -->
<testsuite hostname="MengfeifeideMac-Mini.local" name="iosTest.LoginTest" tests="1" failures="0" timestamp="24 Jul 2017 08:01:21 GMT" time="79.073" errors="0">
  <testcase name="loginSucessTest" time="79.073" classname="iosTest.LoginTest"/>
</testsuite> <!-- iosTest.LoginTest -->
