<?xml version="1.0" encoding="UTF-8"?>
<!-- Generated by org.testng.reporters.JUnitReportReporter -->
<testsuite hostname="MengfeifeideMac-Mini.local" name="iosTest.FinshPushClassTest" tests="1" failures="0" timestamp="4 Jul 2017 10:16:41 GMT" time="170.784" errors="0">
  <testcase name="pushClassTest" time="170.784" classname="iosTest.FinshPushClassTest"/>
</testsuite> <!-- iosTest.FinshPushClassTest -->
