<?xml version="1.0" encoding="UTF-8"?>
<!-- Generated by org.testng.reporters.JUnitReportReporter -->
<testsuite hostname="MengfeifeideMac-Mini.local" name="iosTest.PushPaperTest" tests="1" failures="0" timestamp="24 Jul 2017 08:36:56 GMT" time="117.793" errors="0">
  <testcase name="pushClassTest" time="117.793" classname="iosTest.PushPaperTest"/>
</testsuite> <!-- iosTest.PushPaperTest -->
