<?xml version="1.0" encoding="UTF-8"?>
<!-- Generated by org.testng.reporters.JUnitReportReporter -->
<testsuite hostname="MengfeifeideMac-Mini.local" name="iosTest.FinshPushClassTest" tests="1" failures="0" timestamp="24 Jul 2017 08:36:56 GMT" time="187.261" errors="0">
  <testcase name="pushClassTest" time="187.261" classname="iosTest.FinshPushClassTest"/>
</testsuite> <!-- iosTest.FinshPushClassTest -->
