<?xml version="1.0" encoding="UTF-8"?>
<!-- Generated by org.testng.reporters.JUnitReportReporter -->
<testsuite hostname="MengfeifeideMac-Mini.local" name="iosTest.PushClassTest" tests="1" failures="0" timestamp="24 Jul 2017 08:36:56 GMT" time="145.064" errors="0">
  <testcase name="pushClassTest" time="145.064" classname="iosTest.PushClassTest"/>
</testsuite> <!-- iosTest.PushClassTest -->
