<?xml version="1.0" encoding="UTF-8"?>
<!-- Generated by org.testng.reporters.JUnitReportReporter -->
<testsuite hostname="MengfeifeideMac-Mini.local" name="iosTest.SelectClassTest" tests="1" failures="0" timestamp="24 Jul 2017 08:36:56 GMT" time="51.568" errors="0">
  <testcase name="selectClassSucessTest" time="51.568" classname="iosTest.SelectClassTest"/>
</testsuite> <!-- iosTest.SelectClassTest -->
